<?xml version="1.0" encoding="UTF-8"?>
<!-- Generated by org.testng.reporters.JUnitReportReporter -->
<testsuite skipped="0" hostname="gayatekiMacBook-Air.local" name="ecshop.ecshop" tests="1" failures="0" timestamp="06 八月 2017 06:09:17 GMT" time="0.014" errors="0">
  <testcase name="login" time="0.014" classname="ecshop.ecshop"/>
</testsuite> <!-- ecshop.ecshop -->
