<?xml version="1.0" encoding="UTF-8"?>
<!-- Generated by org.testng.reporters.JUnitReportReporter -->
<testsuite skipped="0" hostname="gayatekiMacBook-Air.local" name="ecshop.ecshopTest" tests="4" failures="0" timestamp="01 九月 2017 17:23:54 GMT" time="11.499" errors="0">
  <testcase name="login" time="0.932" classname="ecshop.ecshopTest"/>
  <testcase name="serch" time="2.097" classname="ecshop.ecshopTest"/>
  <testcase name="delivery" time="6.508" classname="ecshop.ecshopTest"/>
  <testcase name="confirmgoods" time="1.962" classname="ecshop.ecshopTest"/>
</testsuite> <!-- ecshop.ecshopTest -->
