<?xml version="1.0" encoding="UTF-8"?>
<!-- Generated by org.testng.reporters.JUnitReportReporter -->
<testsuite skipped="0" hostname="gayatekiAir" name="ecshop.ecshopTest" tests="4" failures="0" timestamp="17 八月 2017 06:19:45 GMT" time="11.248" errors="0">
  <testcase name="login" time="1.014" classname="ecshop.ecshopTest"/>
  <testcase name="serch" time="2.108" classname="ecshop.ecshopTest"/>
  <testcase name="delivery" time="6.280" classname="ecshop.ecshopTest"/>
  <testcase name="confirmgoods" time="1.846" classname="ecshop.ecshopTest"/>
</testsuite> <!-- ecshop.ecshopTest -->
