<?xml version="1.0" encoding="UTF-8"?>
<!-- Generated by org.testng.reporters.JUnitReportReporter -->
<testsuite skipped="0" hostname="gayatekiMacBook-Air.local" name="selenium2.NewTest" tests="1" failures="0" timestamp="11 九月 2017 12:11:17 GMT" time="0.014" errors="0">
  <testcase name="f" time="0.014" classname="selenium2.NewTest"/>
</testsuite> <!-- selenium2.NewTest -->
