<?xml version="1.0" encoding="UTF-8"?>
<!-- Generated by org.testng.reporters.JUnitReportReporter -->
<testsuite skipped="0" hostname="gayatekiMacBook-Air.local" name="ecshop.ecshopTest" tests="4" failures="0" timestamp="11 九月 2017 12:05:43 GMT" time="11.283" errors="0">
  <testcase name="login" time="1.050" classname="ecshop.ecshopTest"/>
  <testcase name="serch" time="2.113" classname="ecshop.ecshopTest"/>
  <testcase name="delivery" time="6.214" classname="ecshop.ecshopTest"/>
  <testcase name="confirmgoods" time="1.906" classname="ecshop.ecshopTest"/>
</testsuite> <!-- ecshop.ecshopTest -->
