<?xml version="1.0" encoding="UTF-8"?>
<!-- Generated by org.testng.reporters.JUnitReportReporter -->
<testsuite skipped="0" hostname="gayatekiMacBook-Air.local" name="ecshop.ecshopTest" tests="4" failures="0" timestamp="06 八月 2017 10:02:51 GMT" time="11.005" errors="0">
  <testcase name="login" time="1.012" classname="ecshop.ecshopTest"/>
  <testcase name="serch" time="2.547" classname="ecshop.ecshopTest"/>
  <testcase name="delivery" time="6.235" classname="ecshop.ecshopTest"/>
  <testcase name="confirmgoods" time="1.211" classname="ecshop.ecshopTest"/>
</testsuite> <!-- ecshop.ecshopTest -->
