<?xml version="1.0" encoding="UTF-8"?>
<!-- Generated by org.testng.reporters.JUnitReportReporter -->
<testsuite skipped="0" hostname="gayatekiMacBook-Air.local" name="selenium.Testin" tests="1" failures="0" timestamp="08 Jan 2018 18:52:47 GMT" time="21.448" errors="0">
  <testcase name="login" time="21.448" classname="selenium.Testin"/>
</testsuite> <!-- selenium.Testin -->
